<?xml version="1.0" encoding="UTF-8"?>
<testng-results ignored="0" total="1" passed="1" failed="0" skipped="0">
  <reporter-output>
  </reporter-output>
  <suite started-at="2021-02-13T16:22:55Z" name="Default suite" finished-at="2021-02-13T16:23:02Z" duration-ms="6380">
    <groups>
    </groups>
    <test started-at="2021-02-13T16:22:55Z" name="Default test" finished-at="2021-02-13T16:23:02Z" duration-ms="6380">
      <class name="com.TestNGScript.file.SK_ThermalCameraStatusCode">
        <test-method signature="ThermalRequest()[pri:0, instance:com.TestNGScript.file.SK_ThermalCameraStatusCode@6ee6f53]" started-at="2021-02-13T16:22:55Z" name="ThermalRequest" finished-at="2021-02-13T16:23:02Z" duration-ms="6312" status="PASS">
          <reporter-output>
          </reporter-output>
        </test-method> <!-- ThermalRequest -->
      </class> <!-- com.TestNGScript.file.SK_ThermalCameraStatusCode -->
    </test> <!-- Default test -->
  </suite> <!-- Default suite -->
</testng-results>
