<?xml version="1.0" encoding="UTF-8"?>
<!-- Generated by org.testng.reporters.JUnitXMLReporter -->
<testsuite ignored="0" hostname="Chandan-PC" failures="1" tests="1" name="SK_ForgotPassword" time="0.013" errors="0" timestamp="02 Feb 2021 19:51:47 GMT">
  <testcase classname="com.TestNGScript.file.SK_ForgotPassword" name="@AfterMethod closeBrowser" time="0.0">
    <failure type="java.lang.NullPointerException" message="Cannot invoke &amp;quot;org.openqa.selenium.WebDriver.quit()&amp;quot; because &amp;quot;com.TestNGScript.file.SK_ForgotPassword.driver&amp;quot; is null">
      <![CDATA[java.lang.NullPointerException: Cannot invoke "org.openqa.selenium.WebDriver.quit()" because "com.TestNGScript.file.SK_ForgotPassword.driver" is null
at com.TestNGScript.file.SK_ForgotPassword.closeBrowser(SK_ForgotPassword.java:41)
... Removed 28 stack frames]]>
    </failure>
  </testcase> <!-- @AfterMethod closeBrowser -->
  <testcase classname="com.TestNGScript.file.SK_ForgotPassword" name="ResetPassword" time="0.003">
    <failure type="java.lang.NullPointerException" message="Cannot invoke &amp;quot;org.openqa.selenium.WebDriver.findElement(org.openqa.selenium.By)&amp;quot; because &amp;quot;com.PageObjectRepository.file.SK_LoginPO.driver&amp;quot; is null">
      <![CDATA[java.lang.NullPointerException: Cannot invoke "org.openqa.selenium.WebDriver.findElement(org.openqa.selenium.By)" because "com.PageObjectRepository.file.SK_LoginPO.driver" is null
at com.PageObjectRepository.file.SK_LoginPO.linkForgotPassword(SK_LoginPO.java:50)
at com.BussinessFlow.file.SK_LoginBL.VerifyForgotPassword(SK_LoginBL.java:161)
at com.TestNGScript.file.SK_ForgotPassword.ResetPassword(SK_ForgotPassword.java:32)
... Removed 25 stack frames]]>
    </failure>
  </testcase> <!-- ResetPassword -->
</testsuite> <!-- SK_ForgotPassword -->
