<?xml version="1.0" encoding="UTF-8"?>
<!-- Generated by org.testng.reporters.JUnitXMLReporter -->
<testsuite ignored="0" hostname="Chandan-PC" failures="0" tests="1" name="SK_LA_MenuList" time="0.056" errors="0" timestamp="02 Feb 2021 19:51:48 GMT">
  <testcase classname="com.TestNGScript.file.SK_LA_MenuList" name="@AfterMethod closeBrowser" time="0.001">
    <failure type="java.lang.NullPointerException" message="Cannot invoke &amp;quot;org.openqa.selenium.WebDriver.quit()&amp;quot; because &amp;quot;com.TestNGScript.file.SK_LA_MenuList.driver&amp;quot; is null">
      <![CDATA[java.lang.NullPointerException: Cannot invoke "org.openqa.selenium.WebDriver.quit()" because "com.TestNGScript.file.SK_LA_MenuList.driver" is null
at com.TestNGScript.file.SK_LA_MenuList.closeBrowser(SK_LA_MenuList.java:101)
... Removed 28 stack frames]]>
    </failure>
  </testcase> <!-- @AfterMethod closeBrowser -->
  <testcase classname="com.TestNGScript.file.SK_LA_MenuList" name="MenuList" time="0.001"/>
</testsuite> <!-- SK_LA_MenuList -->
