<?xml version="1.0" encoding="UTF-8"?>
<!-- Generated by org.testng.reporters.JUnitXMLReporter -->
<testsuite ignored="0" hostname="Chandan-PC" failures="1" tests="1" name="SK_LA_CovidCover" time="0.049" errors="0" timestamp="02 Feb 2021 19:51:48 GMT">
  <testcase classname="com.TestNGScript.file.SK_LA_CovidCover" name="@AfterMethod closeBrowser" time="0.001">
    <failure type="java.lang.NullPointerException" message="Cannot invoke &amp;quot;org.openqa.selenium.WebDriver.quit()&amp;quot; because &amp;quot;com.TestNGScript.file.SK_LA_CovidCover.driver&amp;quot; is null">
      <![CDATA[java.lang.NullPointerException: Cannot invoke "org.openqa.selenium.WebDriver.quit()" because "com.TestNGScript.file.SK_LA_CovidCover.driver" is null
at com.TestNGScript.file.SK_LA_CovidCover.closeBrowser(SK_LA_CovidCover.java:59)
... Removed 28 stack frames]]>
    </failure>
  </testcase> <!-- @AfterMethod closeBrowser -->
  <testcase classname="com.TestNGScript.file.SK_LA_CovidCover" name="CovidCover" time="0.002">
    <failure type="java.lang.NullPointerException" message="Cannot invoke &amp;quot;org.openqa.selenium.WebDriver.findElement(org.openqa.selenium.By)&amp;quot; because &amp;quot;com.PageObjectRepository.file.SK_LoginPO.driver&amp;quot; is null">
      <![CDATA[java.lang.NullPointerException: Cannot invoke "org.openqa.selenium.WebDriver.findElement(org.openqa.selenium.By)" because "com.PageObjectRepository.file.SK_LoginPO.driver" is null
at com.PageObjectRepository.file.SK_LoginPO.Email(SK_LoginPO.java:13)
at com.BussinessFlow.file.SK_LoginBL.loginLA(SK_LoginBL.java:73)
at com.TestNGScript.file.SK_LA_CovidCover.CovidCover(SK_LA_CovidCover.java:47)
... Removed 25 stack frames]]>
    </failure>
  </testcase> <!-- CovidCover -->
</testsuite> <!-- SK_LA_CovidCover -->
