<?xml version="1.0" encoding="UTF-8"?>
<!-- Generated by org.testng.reporters.JUnitXMLReporter -->
<testsuite ignored="0" hostname="Chandan-PC" failures="1" tests="1" name="SK_LA_Geofences" time="0.017" errors="0" timestamp="02 Feb 2021 19:51:45 GMT">
  <testcase classname="com.TestNGScript.file.SK_LA_Geofences" name="@AfterMethod closeBrowser" time="0.0">
    <failure type="java.lang.NullPointerException" message="Cannot invoke &amp;quot;org.openqa.selenium.WebDriver.quit()&amp;quot; because &amp;quot;com.TestNGScript.file.SK_LA_Geofences.driver&amp;quot; is null">
      <![CDATA[java.lang.NullPointerException: Cannot invoke "org.openqa.selenium.WebDriver.quit()" because "com.TestNGScript.file.SK_LA_Geofences.driver" is null
at com.TestNGScript.file.SK_LA_Geofences.closeBrowser(SK_LA_Geofences.java:56)
... Removed 28 stack frames]]>
    </failure>
  </testcase> <!-- @AfterMethod closeBrowser -->
  <testcase classname="com.TestNGScript.file.SK_LA_Geofences" name="Geofences" time="0.002">
    <failure type="java.lang.NullPointerException" message="Cannot invoke &amp;quot;org.openqa.selenium.WebDriver.findElement(org.openqa.selenium.By)&amp;quot; because &amp;quot;com.PageObjectRepository.file.SK_LoginPO.driver&amp;quot; is null">
      <![CDATA[java.lang.NullPointerException: Cannot invoke "org.openqa.selenium.WebDriver.findElement(org.openqa.selenium.By)" because "com.PageObjectRepository.file.SK_LoginPO.driver" is null
at com.PageObjectRepository.file.SK_LoginPO.Email(SK_LoginPO.java:13)
at com.BussinessFlow.file.SK_LoginBL.loginLA(SK_LoginBL.java:73)
at com.TestNGScript.file.SK_LA_Geofences.Geofences(SK_LA_Geofences.java:44)
... Removed 25 stack frames]]>
    </failure>
  </testcase> <!-- Geofences -->
</testsuite> <!-- SK_LA_Geofences -->
