<?xml version="1.0" encoding="UTF-8"?>
<!-- Generated by org.testng.reporters.JUnitXMLReporter -->
<testsuite ignored="0" hostname="Chandan-PC" failures="1" tests="1" name="SK_LA_NotificationTemplates" time="0.116" errors="0" timestamp="02 Feb 2021 19:51:47 GMT">
  <testcase classname="com.TestNGScript.file.SK_LA_NotificationTemplates" name="@AfterMethod closeBrowser" time="0.0">
    <failure type="java.lang.NullPointerException" message="Cannot invoke &amp;quot;org.openqa.selenium.WebDriver.quit()&amp;quot; because &amp;quot;com.TestNGScript.file.SK_LA_NotificationTemplates.driver&amp;quot; is null">
      <![CDATA[java.lang.NullPointerException: Cannot invoke "org.openqa.selenium.WebDriver.quit()" because "com.TestNGScript.file.SK_LA_NotificationTemplates.driver" is null
at com.TestNGScript.file.SK_LA_NotificationTemplates.closeBrowser(SK_LA_NotificationTemplates.java:63)
... Removed 28 stack frames]]>
    </failure>
  </testcase> <!-- @AfterMethod closeBrowser -->
  <testcase classname="com.TestNGScript.file.SK_LA_NotificationTemplates" name="NotificationTemplates" time="0.001">
    <failure type="java.lang.NullPointerException" message="Cannot invoke &amp;quot;org.openqa.selenium.WebDriver.findElement(org.openqa.selenium.By)&amp;quot; because &amp;quot;com.PageObjectRepository.file.SK_LoginPO.driver&amp;quot; is null">
      <![CDATA[java.lang.NullPointerException: Cannot invoke "org.openqa.selenium.WebDriver.findElement(org.openqa.selenium.By)" because "com.PageObjectRepository.file.SK_LoginPO.driver" is null
at com.PageObjectRepository.file.SK_LoginPO.Email(SK_LoginPO.java:13)
at com.BussinessFlow.file.SK_LoginBL.loginLA(SK_LoginBL.java:73)
at com.TestNGScript.file.SK_LA_NotificationTemplates.NotificationTemplates(SK_LA_NotificationTemplates.java:46)
... Removed 25 stack frames]]>
    </failure>
  </testcase> <!-- NotificationTemplates -->
</testsuite> <!-- SK_LA_NotificationTemplates -->
