<?xml version="1.0" encoding="UTF-8"?>
<!-- Generated by org.testng.reporters.JUnitXMLReporter -->
<testsuite ignored="0" hostname="Chandan-PC" failures="1" tests="1" name="SK_SA_Organization" time="0.014" errors="0" timestamp="02 Feb 2021 19:51:48 GMT">
  <testcase classname="com.TestNGScript.file.SK_SA_Organization" name="@AfterMethod closeBrowser" time="0.001">
    <failure type="java.lang.NullPointerException" message="Cannot invoke &amp;quot;org.openqa.selenium.WebDriver.quit()&amp;quot; because &amp;quot;com.TestNGScript.file.SK_SA_Organization.driver&amp;quot; is null">
      <![CDATA[java.lang.NullPointerException: Cannot invoke "org.openqa.selenium.WebDriver.quit()" because "com.TestNGScript.file.SK_SA_Organization.driver" is null
at com.TestNGScript.file.SK_SA_Organization.closeBrowser(SK_SA_Organization.java:47)
... Removed 28 stack frames]]>
    </failure>
  </testcase> <!-- @AfterMethod closeBrowser -->
  <testcase classname="com.TestNGScript.file.SK_SA_Organization" name="OrganizationScreen" time="0.004">
    <failure type="java.lang.NullPointerException" message="Cannot invoke &amp;quot;org.openqa.selenium.WebDriver.findElement(org.openqa.selenium.By)&amp;quot; because &amp;quot;com.PageObjectRepository.file.SK_LoginPO.driver&amp;quot; is null">
      <![CDATA[java.lang.NullPointerException: Cannot invoke "org.openqa.selenium.WebDriver.findElement(org.openqa.selenium.By)" because "com.PageObjectRepository.file.SK_LoginPO.driver" is null
at com.PageObjectRepository.file.SK_LoginPO.Email(SK_LoginPO.java:13)
at com.BussinessFlow.file.SK_LoginBL.loginSA(SK_LoginBL.java:21)
at com.TestNGScript.file.SK_SA_Organization.OrganizationScreen(SK_SA_Organization.java:36)
... Removed 25 stack frames]]>
    </failure>
  </testcase> <!-- OrganizationScreen -->
</testsuite> <!-- SK_SA_Organization -->
