<?xml version="1.0" encoding="UTF-8"?>
<!-- Generated by org.testng.reporters.JUnitXMLReporter -->
<testsuite ignored="0" hostname="Chandan-PC" failures="1" tests="1" name="SK_SA_OrganizationList" time="0.023" errors="0" timestamp="02 Feb 2021 19:51:48 GMT">
  <testcase classname="com.TestNGScript.file.SK_SA_OrganizationList" name="@AfterMethod closeBrowser" time="0.0">
    <failure type="java.lang.NullPointerException" message="Cannot invoke &amp;quot;org.openqa.selenium.WebDriver.quit()&amp;quot; because &amp;quot;com.TestNGScript.file.SK_SA_OrganizationList.driver&amp;quot; is null">
      <![CDATA[java.lang.NullPointerException: Cannot invoke "org.openqa.selenium.WebDriver.quit()" because "com.TestNGScript.file.SK_SA_OrganizationList.driver" is null
at com.TestNGScript.file.SK_SA_OrganizationList.closeBrowser(SK_SA_OrganizationList.java:61)
... Removed 28 stack frames]]>
    </failure>
  </testcase> <!-- @AfterMethod closeBrowser -->
  <testcase classname="com.TestNGScript.file.SK_SA_OrganizationList" name="OrganizationList" time="0.001">
    <failure type="java.lang.NullPointerException" message="Cannot invoke &amp;quot;org.openqa.selenium.WebDriver.findElement(org.openqa.selenium.By)&amp;quot; because &amp;quot;com.PageObjectRepository.file.SK_LoginPO.driver&amp;quot; is null">
      <![CDATA[java.lang.NullPointerException: Cannot invoke "org.openqa.selenium.WebDriver.findElement(org.openqa.selenium.By)" because "com.PageObjectRepository.file.SK_LoginPO.driver" is null
at com.PageObjectRepository.file.SK_LoginPO.Email(SK_LoginPO.java:13)
at com.BussinessFlow.file.SK_LoginBL.loginSA(SK_LoginBL.java:21)
at com.TestNGScript.file.SK_SA_OrganizationList.OrganizationList(SK_SA_OrganizationList.java:41)
... Removed 25 stack frames]]>
    </failure>
  </testcase> <!-- OrganizationList -->
</testsuite> <!-- SK_SA_OrganizationList -->
